Flow report for Lab4_Gr10T
Wed Nov 21 12:37:34 2018
Quartus Prime Version 17.1.0 Build 590 10/25/2017 SJ Lite Edition


---------------------
; Table of Contents ;
---------------------
  1. Legal Notice
  2. Flow Summary
  3. Flow Settings
  4. Flow Non-Default Global Settings
  5. Flow Elapsed Time
  6. Flow OS Summary
  7. Flow Log
  8. Flow Messages
  9. Flow Suppressed Messages



----------------
; Legal Notice ;
----------------
Copyright (C) 2017  Intel Corporation. All rights reserved.
Your use of Intel Corporation's design tools, logic functions 
and other software and tools, and its AMPP partner logic 
functions, and any output files from any of the foregoing 
(including device programming or simulation files), and any 
associated documentation or information are expressly subject 
to the terms and conditions of the Intel Program License 
Subscription Agreement, the Intel Quartus Prime License Agreement,
the Intel FPGA IP License Agreement, or other applicable license
agreement, including, without limitation, that your use is for
the sole purpose of programming logic devices manufactured by
Intel and sold by Intel or its authorized distributors.  Please
refer to the applicable agreement for further details.



+-------------------------------------------------------------------------------+
; Flow Summary                                                                  ;
+---------------------------------+---------------------------------------------+
; Flow Status                     ; Successful - Wed Nov 21 12:36:03 2018       ;
; Quartus Prime Version           ; 17.1.0 Build 590 10/25/2017 SJ Lite Edition ;
; Revision Name                   ; Lab4_Gr10T                                  ;
; Top-level Entity Name           ; vhdl_space_invaders_top                     ;
; Family                          ; Cyclone V                                   ;
; Device                          ; 5CSEMA5F31C6                                ;
; Timing Models                   ; Final                                       ;
; Logic utilization (in ALMs)     ; 9,496 / 32,070 ( 30 % )                     ;
; Total registers                 ; 1127                                        ;
; Total pins                      ; 34 / 457 ( 7 % )                            ;
; Total virtual pins              ; 0                                           ;
; Total block memory bits         ; 0 / 4,065,280 ( 0 % )                       ;
; Total DSP Blocks                ; 0 / 87 ( 0 % )                              ;
; Total HSSI RX PCSs              ; 0                                           ;
; Total HSSI PMA RX Deserializers ; 0                                           ;
; Total HSSI TX PCSs              ; 0                                           ;
; Total HSSI PMA TX Serializers   ; 0                                           ;
; Total PLLs                      ; 1 / 6 ( 17 % )                              ;
; Total DLLs                      ; 0 / 4 ( 0 % )                               ;
+---------------------------------+---------------------------------------------+


+-----------------------------------------+
; Flow Settings                           ;
+-------------------+---------------------+
; Option            ; Setting             ;
+-------------------+---------------------+
; Start date & time ; 11/21/2018 12:22:38 ;
; Main task         ; Compilation         ;
; Revision Name     ; Lab4_Gr10T          ;
+-------------------+---------------------+


+-------------------------------------------------------------------------------------------------------------------------------------+
; Flow Non-Default Global Settings                                                                                                    ;
+-------------------------------------+----------------------------------------+---------------+-------------------------+------------+
; Assignment Name                     ; Value                                  ; Default Value ; Entity Name             ; Section Id ;
+-------------------------------------+----------------------------------------+---------------+-------------------------+------------+
; COMPILER_SIGNATURE_ID               ; 22727988127689.154282095711684         ; --            ; --                      ; --         ;
; MAX_CORE_JUNCTION_TEMP              ; 85                                     ; --            ; --                      ; --         ;
; MIN_CORE_JUNCTION_TEMP              ; 0                                      ; --            ; --                      ; --         ;
; MISC_FILE                           ; vga_clk.cmp                            ; --            ; --                      ; --         ;
; MISC_FILE                           ; vga_clk_sim/vga_clk.vho                ; --            ; --                      ; --         ;
; PARTITION_COLOR                     ; -- (Not supported for targeted family) ; --            ; vhdl_space_invaders_top ; Top        ;
; PARTITION_FITTER_PRESERVATION_LEVEL ; -- (Not supported for targeted family) ; --            ; vhdl_space_invaders_top ; Top        ;
; PARTITION_NETLIST_TYPE              ; -- (Not supported for targeted family) ; --            ; vhdl_space_invaders_top ; Top        ;
; PROJECT_OUTPUT_DIRECTORY            ; output_files                           ; --            ; --                      ; --         ;
; SPD_FILE                            ; vga_clk.spd                            ; --            ; --                      ; --         ;
; SYNTHESIS_ONLY_QIP                  ; On                                     ; --            ; --                      ; --         ;
; TOP_LEVEL_ENTITY                    ; vhdl_space_invaders_top                ; Lab4_Gr10T    ; --                      ; --         ;
+-------------------------------------+----------------------------------------+---------------+-------------------------+------------+


+-------------------------------------------------------------------------------------------------------------------------------+
; Flow Elapsed Time                                                                                                             ;
+---------------------------+--------------+-------------------------+---------------------+------------------------------------+
; Module Name               ; Elapsed Time ; Average Processors Used ; Peak Virtual Memory ; Total CPU Time (on all processors) ;
+---------------------------+--------------+-------------------------+---------------------+------------------------------------+
; Analysis & Synthesis      ; 00:01:34     ; 1.0                     ; 5002 MB             ; 00:02:00                           ;
; Fitter                    ; 00:11:07     ; 1.1                     ; 6477 MB             ; 00:20:01                           ;
; Assembler                 ; 00:00:29     ; 1.0                     ; 4972 MB             ; 00:00:23                           ;
; TimeQuest Timing Analyzer ; 00:01:29     ; 1.8                     ; 5434 MB             ; 00:02:11                           ;
; Total                     ; 00:14:39     ; --                      ; --                  ; 00:24:35                           ;
+---------------------------+--------------+-------------------------+---------------------+------------------------------------+


+-----------------------------------------------------------------------------------------+
; Flow OS Summary                                                                         ;
+---------------------------+------------------+------------+------------+----------------+
; Module Name               ; Machine Hostname ; OS Name    ; OS Version ; Processor type ;
+---------------------------+------------------+------------+------------+----------------+
; Analysis & Synthesis      ; DESKTOP-92E79FL  ; Windows 10 ; 10.0       ; x86_64         ;
; Fitter                    ; DESKTOP-92E79FL  ; Windows 10 ; 10.0       ; x86_64         ;
; Assembler                 ; DESKTOP-92E79FL  ; Windows 10 ; 10.0       ; x86_64         ;
; TimeQuest Timing Analyzer ; DESKTOP-92E79FL  ; Windows 10 ; 10.0       ; x86_64         ;
+---------------------------+------------------+------------+------------+----------------+


------------
; Flow Log ;
------------
quartus_map --read_settings_files=on --write_settings_files=off Lab4_Gr10T -c Lab4_Gr10T
quartus_fit --read_settings_files=off --write_settings_files=off Lab4_Gr10T -c Lab4_Gr10T
quartus_asm --read_settings_files=off --write_settings_files=off Lab4_Gr10T -c Lab4_Gr10T
quartus_sta Lab4_Gr10T -c Lab4_Gr10T



